<?xml version="1.0" encoding="UTF-8"?>
<testsuite name="ru.netology.unit.CashbackHackerTest" tests="3" skipped="0" failures="0" errors="0" timestamp="2022-04-24T14:09:31" hostname="USER" time="0.016">
  <properties/>
  <testcase name="bonusEqualLimit" classname="ru.netology.unit.CashbackHackerTest" time="0.016"/>
  <testcase name="coastBelowLimit" classname="ru.netology.unit.CashbackHackerTest" time="0.0"/>
  <testcase name="maxBonus" classname="ru.netology.unit.CashbackHackerTest" time="0.0"/>
  <system-out><![CDATA[]]></system-out>
  <system-err><![CDATA[]]></system-err>
</testsuite>
